 082521 03:08:20 PM: INFO: ******Test_001_Login******
 082521 03:08:20 PM: INFO: ******test_homePageTitle started******
 082521 03:08:21 PM: INFO: ******test_homePageTitle passed******
 082521 03:08:22 PM: INFO: ******test_login started******
 082521 03:08:27 PM: INFO: ******test_login passed******
 082521 04:01:19 PM: INFO: ******Test_001_Login******
 082521 04:01:19 PM: INFO: ******test_homePageTitle started******
 082521 04:01:20 PM: INFO: ******test_homePageTitle passed******
 082521 04:01:25 PM: INFO: ******test_login started******
 082521 04:01:30 PM: INFO: ******test_login passed******
 082521 04:03:11 PM: INFO: ******Test_001_Login******
 082521 04:03:11 PM: INFO: ******test_homePageTitle started******
 082521 04:03:11 PM: INFO: ******test_login started******
 082521 04:03:12 PM: INFO: ******test_homePageTitle passed******
 082521 04:03:16 PM: INFO: ******test_login passed******
 082521 04:04:29 PM: INFO: ******Test_001_Login******
 082521 04:04:29 PM: INFO: ******test_homePageTitle started******
 082521 04:04:29 PM: INFO: ******test_login started******
 082521 04:04:30 PM: INFO: ******test_homePageTitle passed******
 082521 04:04:34 PM: INFO: ******test_login passed******
 082521 04:05:42 PM: INFO: ******test_login started******
 082521 04:05:42 PM: INFO: ******Test_001_Login******
 082521 04:05:42 PM: INFO: ******test_homePageTitle started******
 082521 04:05:43 PM: INFO: ******test_homePageTitle passed******
 082521 04:05:47 PM: INFO: ******test_login passed******
 082521 04:06:56 PM: INFO: ******Test_001_Login******
 082521 04:06:56 PM: INFO: ******test_homePageTitle started******
 082521 04:06:57 PM: INFO: ******test_login started******
 082521 04:06:58 PM: INFO: ******test_homePageTitle passed******
 082521 04:07:01 PM: INFO: ******test_login passed******
 082521 04:07:30 PM: INFO: ******Test_001_Login******
 082521 04:07:30 PM: INFO: ******test_homePageTitle started******
 082521 04:07:30 PM: INFO: ******test_login started******
 082521 04:07:31 PM: INFO: ******test_homePageTitle passed******
 082521 04:07:34 PM: INFO: ******test_login passed******
 082521 04:21:28 PM: INFO: ******Test_001_Login******
 082521 04:21:28 PM: INFO: ******test_homePageTitle started******
 082521 04:21:28 PM: INFO: ******test_login started******
 082521 04:21:29 PM: INFO: ******test_homePageTitle passed******
 082521 04:21:33 PM: INFO: ******test_login passed******
 082521 04:28:42 PM: INFO: ******test_login started******
 082521 04:28:43 PM: INFO: ******Test_001_Login******
 082521 04:28:43 PM: INFO: ******test_homePageTitle started******
 082521 04:28:44 PM: INFO: ******test_homePageTitle passed******
 082521 04:28:47 PM: INFO: ******test_login passed******
 082521 04:29:48 PM: INFO: ******Test_001_Login******
 082521 04:29:48 PM: INFO: ******test_homePageTitle started******
 082521 04:29:48 PM: INFO: ******test_login started******
 082521 04:29:49 PM: INFO: ******test_homePageTitle passed******
 082521 04:29:52 PM: INFO: ******test_login passed******
 082521 04:31:46 PM: INFO: ******Test_001_Login******
 082521 04:31:46 PM: INFO: ******test_homePageTitle started******
 082521 04:31:47 PM: INFO: ******test_homePageTitle passed******
 082521 04:31:48 PM: INFO: ******test_login started******
 082521 04:31:52 PM: INFO: ******test_login passed******
 082521 04:33:51 PM: INFO: ******Test_001_Login******
**
 082521 04:33:51 PM: INFO: ******test_homePageTitle started******
 082521 04:33:52 PM: INFO: ******test_homePageTitle passed******
 082521 04:34:05 PM: INFO: ******test_login passed******
2021-08-25 16:36:14,279 - root - INFO - ******test_login started******
2021-08-25 16:36:14,279 - root - INFO - ******Test_001_Login******
2021-08-25 16:36:14,279 - root - INFO - ******test_homePageTitle started******
2021-08-25 16:36:15,696 - root - INFO - ******test_homePageTitle passed******
2021-08-25 16:36:18,885 - root - INFO - ******test_login passed******
2021-08-25 16:38:02,916 - INFO - ******Test_001_Login******
2021-08-25 16:38:02,917 - INFO - ******test_homePageTitle started******
2021-08-25 16:38:02,966 - INFO - ******test_login started******
2021-08-25 16:38:03,998 - INFO - ******test_homePageTitle passed******
2021-08-25 16:38:07,296 - INFO - ******test_login passed******
08/25/2021 04:39:34 PM: INFO:PID- 17816: TID-5028: ******Test_001_Login******
08/25/2021 04:39:34 PM: INFO:PID- 17816: TID-5028: ******test_homePageTitle started******
08/25/2021 04:39:34 PM: INFO:PID- 23644: TID-11776: ******test_login started******
08/25/2021 04:39:35 PM: INFO:PID- 17816: TID-5028: ******test_homePageTitle passed******
08/25/2021 04:39:39 PM: INFO:PID- 23644: TID-11776: ******test_login passed******
08/25/2021 04:40:10 PM: INFO:PID- 6860: TID-4916: ******Test_001_Login******
08/25/2021 04:40:10 PM: INFO:PID- 6860: TID-4916: ******test_homePageTitle started******
08/25/2021 04:40:11 PM: INFO:PID- 6860: TID-4916: ******test_homePageTitle passed******
08/25/2021 04:40:12 PM: INFO:PID- 6860: TID-4916: ******test_login started******
08/25/2021 04:40:17 PM: INFO:PID- 6860: TID-4916: ******test_login passed******
 082721 09:56:21 PM: INFO: ******Test_002_DDT_Login******
 082721 09:56:21 PM: INFO: ******test_login_ddt started******
 082721 09:56:30 PM: INFO: ******Passed both the conditions******
 082721 09:56:31 PM: INFO: Login DDT test passed.........
 082721 09:59:44 PM: INFO: ******Test_002_DDT_Login******
 082721 09:59:44 PM: INFO: ******test_login_ddt started******
 082721 09:59:54 PM: INFO: ******Passed both the conditions******
 082721 10:00:02 PM: INFO: ******Failed exp conditions******
 082721 10:00:09 PM: INFO: ******Failed exp conditions******
 082721 10:00:16 PM: INFO: ******Failed exp conditions******
 082721 10:00:18 PM: INFO: Login DDT test failed.........
 082721 10:03:03 PM: INFO: ******Test_002_DDT_Login******
 082721 10:03:03 PM: INFO: ******test_login_ddt started******
 082721 10:03:11 PM: INFO: ******Passed both the conditions******
 082721 10:03:21 PM: INFO: ******Failed exp conditions******
 082721 10:03:28 PM: INFO: ******Failed exp conditions******
 082721 10:03:35 PM: INFO: ******Failed exp conditions******
 082721 10:03:36 PM: INFO: Login DDT test failed.........
 082721 10:07:44 PM: INFO: ******Test_002_DDT_Login******
 082721 10:07:44 PM: INFO: ******test_login_ddt started******
 082721 10:07:54 PM: INFO: ******Passed both the conditions******
 082721 10:08:02 PM: INFO: ******Failed exp conditions******
 082721 10:08:09 PM: INFO: ******Failed exp conditions******
 082721 10:08:16 PM: INFO: ******Failed exp conditions******
 082721 10:08:17 PM: INFO: Login DDT test failed.........
